  main.cpp
e:\algorithm\parts\part1\func.h(125): warning C4996: 'fopen': This function or variable may be unsafe. Consider using fopen_s instead. To disable deprecation, use _CRT_SECURE_NO_WARNINGS. See online help for details.
  C:\Program Files (x86)\Windows Kits\10\Include\10.0.10240.0\ucrt\stdio.h(205): note: 参见“fopen”的声明
e:\algorithm\parts\part1\func.h(136): warning C4996: 'fscanf': This function or variable may be unsafe. Consider using fscanf_s instead. To disable deprecation, use _CRT_SECURE_NO_WARNINGS. See online help for details.
  C:\Program Files (x86)\Windows Kits\10\Include\10.0.10240.0\ucrt\stdio.h(1193): note: 参见“fscanf”的声明
e:\algorithm\parts\part1\func.h(179): warning C4244: “=”: 从“double”转换到“float”，可能丢失数据
e:\algorithm\parts\part1\func.h(180): warning C4244: “=”: 从“double”转换到“float”，可能丢失数据
e:\algorithm\parts\part1\func.h(181): warning C4244: “=”: 从“double”转换到“float”，可能丢失数据
e:\algorithm\parts\part1\func.h(182): warning C4244: “=”: 从“double”转换到“float”，可能丢失数据
e:\algorithm\parts\part1\func.h(183): warning C4244: “=”: 从“double”转换到“float”，可能丢失数据
e:\algorithm\parts\part1\func.h(184): warning C4244: “=”: 从“double”转换到“float”，可能丢失数据
e:\algorithm\parts\part1\func.h(185): warning C4244: “=”: 从“double”转换到“float”，可能丢失数据
e:\algorithm\parts\part1\func.h(186): warning C4244: “=”: 从“double”转换到“float”，可能丢失数据
e:\algorithm\parts\part1\func.h(187): warning C4244: “=”: 从“double”转换到“float”，可能丢失数据
e:\algorithm\parts\part1\func.h(157): warning C4996: 'fopen': This function or variable may be unsafe. Consider using fopen_s instead. To disable deprecation, use _CRT_SECURE_NO_WARNINGS. See online help for details.
  C:\Program Files (x86)\Windows Kits\10\Include\10.0.10240.0\ucrt\stdio.h(205): note: 参见“fopen”的声明
e:\algorithm\parts\part1\func.h(171): warning C4996: 'fscanf': This function or variable may be unsafe. Consider using fscanf_s instead. To disable deprecation, use _CRT_SECURE_NO_WARNINGS. See online help for details.
  C:\Program Files (x86)\Windows Kits\10\Include\10.0.10240.0\ucrt\stdio.h(1193): note: 参见“fscanf”的声明
e:\algorithm\parts\part1\func.h(172): warning C4474: printf: 格式字符串中传递的参数太多
  e:\algorithm\parts\part1\func.h(172): note: 占位符和其参数预计 8 可变参数，但提供的却是 9 参数
main.cpp(50): warning C4267: “初始化”: 从“size_t”转换到“int”，可能丢失数据
main.cpp(56): warning C4244: “-=”: 从“double”转换到“int”，可能丢失数据
main.cpp(58): warning C4244: “-=”: 从“double”转换到“int”，可能丢失数据
main.cpp(60): warning C4244: “-=”: 从“double”转换到“int”，可能丢失数据
  正在生成代码
  8 of 585 functions ( 1.4%) were compiled, the rest were copied from previous compilation.
    0 functions were new in current compilation
    0 functions had inline decision re-evaluated but remain unchanged
  已完成代码的生成
  part1.vcxproj -> E:\algorithm\parts\x64\Release\part1.exe
  part1.vcxproj -> E:\algorithm\parts\x64\Release\part1.pdb (Full PDB)
