  main.cpp
e:\algorithm\parts\part2\grid_matcher.h(27): warning C4244: “=”: 从“double”转换到“int”，可能丢失数据
e:\algorithm\parts\part2\grid_matcher.h(28): warning C4244: “=”: 从“double”转换到“int”，可能丢失数据
e:\algorithm\parts\part2\grid_matcher.h(31): warning C4244: “=”: 从“double”转换到“int”，可能丢失数据
e:\algorithm\parts\part2\grid_matcher.h(32): warning C4244: “=”: 从“double”转换到“int”，可能丢失数据
e:\algorithm\parts\part2\grid_matcher.h(49): warning C4018: “<”: 有符号/无符号不匹配
e:\algorithm\parts\part2\grid_matcher.h(71): warning C4018: “<”: 有符号/无符号不匹配
e:\algorithm\parts\part2\grid_matcher.h(87): warning C4018: “<”: 有符号/无符号不匹配
e:\algorithm\parts\part2\gms_matcher.h(145): warning C4244: “=”: 从“float”转换到“int”，可能丢失数据
e:\algorithm\parts\part2\gms_matcher.h(146): warning C4244: “=”: 从“float”转换到“int”，可能丢失数据
e:\algorithm\parts\part2\gms_matcher.h(150): warning C4244: “=”: 从“double”转换到“int”，可能丢失数据
e:\algorithm\parts\part2\gms_matcher.h(151): warning C4244: “=”: 从“float”转换到“int”，可能丢失数据
e:\algorithm\parts\part2\gms_matcher.h(155): warning C4244: “=”: 从“float”转换到“int”，可能丢失数据
e:\algorithm\parts\part2\gms_matcher.h(156): warning C4244: “=”: 从“double”转换到“int”，可能丢失数据
e:\algorithm\parts\part2\gms_matcher.h(160): warning C4244: “=”: 从“double”转换到“int”，可能丢失数据
e:\algorithm\parts\part2\gms_matcher.h(161): warning C4244: “=”: 从“double”转换到“int”，可能丢失数据
e:\algorithm\parts\part2\gms_matcher.h(174): warning C4244: “初始化”: 从“float”转换到“int”，可能丢失数据
e:\algorithm\parts\part2\gms_matcher.h(175): warning C4244: “初始化”: 从“float”转换到“int”，可能丢失数据
e:\algorithm\parts\part2\gms_matcher.h(221): warning C4244: “=”: 从“double”转换到“int”，可能丢失数据
e:\algorithm\parts\part2\gms_matcher.h(222): warning C4244: “=”: 从“double”转换到“int”，可能丢失数据
e:\algorithm\parts\part2\func.h(70): warning C4996: 'fopen': This function or variable may be unsafe. Consider using fopen_s instead. To disable deprecation, use _CRT_SECURE_NO_WARNINGS. See online help for details.
  c:\program files (x86)\windows kits\10\include\10.0.10240.0\ucrt\stdio.h(205): note: 参见“fopen”的声明
e:\algorithm\parts\part2\func.h(81): warning C4996: 'fscanf': This function or variable may be unsafe. Consider using fscanf_s instead. To disable deprecation, use _CRT_SECURE_NO_WARNINGS. See online help for details.
  c:\program files (x86)\windows kits\10\include\10.0.10240.0\ucrt\stdio.h(1193): note: 参见“fscanf”的声明
e:\algorithm\parts\part2\evalution.h(53): warning C4244: “=”: 从“double”转换到“float”，可能丢失数据
e:\algorithm\parts\part2\evalution.h(54): warning C4244: “=”: 从“double”转换到“float”，可能丢失数据
e:\algorithm\parts\part2\evalution.h(55): warning C4244: “=”: 从“double”转换到“float”，可能丢失数据
e:\algorithm\parts\part2\evalution.h(56): warning C4244: “=”: 从“double”转换到“float”，可能丢失数据
e:\algorithm\parts\part2\evalution.h(57): warning C4244: “=”: 从“double”转换到“float”，可能丢失数据
e:\algorithm\parts\part2\evalution.h(58): warning C4244: “=”: 从“double”转换到“float”，可能丢失数据
e:\algorithm\parts\part2\evalution.h(59): warning C4244: “=”: 从“double”转换到“float”，可能丢失数据
e:\algorithm\parts\part2\evalution.h(60): warning C4244: “=”: 从“double”转换到“float”，可能丢失数据
e:\algorithm\parts\part2\evalution.h(61): warning C4244: “=”: 从“double”转换到“float”，可能丢失数据
e:\algorithm\parts\part2\evalution.h(31): warning C4996: 'fopen': This function or variable may be unsafe. Consider using fopen_s instead. To disable deprecation, use _CRT_SECURE_NO_WARNINGS. See online help for details.
  c:\program files (x86)\windows kits\10\include\10.0.10240.0\ucrt\stdio.h(205): note: 参见“fopen”的声明
e:\algorithm\parts\part2\evalution.h(45): warning C4996: 'fscanf': This function or variable may be unsafe. Consider using fscanf_s instead. To disable deprecation, use _CRT_SECURE_NO_WARNINGS. See online help for details.
  c:\program files (x86)\windows kits\10\include\10.0.10240.0\ucrt\stdio.h(1193): note: 参见“fscanf”的声明
e:\algorithm\parts\part2\evalution.h(113): warning C4018: “<”: 有符号/无符号不匹配
e:\algorithm\parts\part2\evalution.h(169): warning C4018: “<”: 有符号/无符号不匹配
e:\algorithm\parts\part2\main.cpp(84): warning C4018: “<”: 有符号/无符号不匹配
e:\algorithm\parts\part2\main.cpp(89): warning C4244: “-=”: 从“double”转换到“int”，可能丢失数据
e:\algorithm\parts\part2\main.cpp(91): warning C4244: “-=”: 从“double”转换到“int”，可能丢失数据
e:\algorithm\parts\part2\main.cpp(93): warning C4244: “-=”: 从“double”转换到“int”，可能丢失数据
e:\algorithm\parts\part2\main.cpp(126): warning C4018: “<”: 有符号/无符号不匹配
  part2.vcxproj -> E:\algorithm\parts\Debug\part2.exe
  part2.vcxproj -> E:\algorithm\parts\Debug\part2.pdb (Full PDB)
